Arguments: 
  /Users/Lurk/.nvm/versions/node/v14.16.0/bin/node /usr/local/Cellar/yarn/1.22.10/libexec/bin/yarn.js publish

PATH: 
  /Users/Lurk/.rbenv/shims:/Library/Frameworks/Python.framework/Versions/3.8/bin:/Users/Lurk/.cargo/bin:/Users/Lurk/.nvm/versions/node/v14.16.0/bin:/usr/local/sbin:/usr/local/opt/go/libexec/bin:/usr/local/bin:/Users/Lurk/src/arcanist/bin:~/.node/bin:/usr/bin:/bin:/usr/sbin:/sbin:/usr/local/bin:~/bin:/usr/local/MacGPG2/bin:/opt/X11/bin:/Library/Apple/usr/bin:/Users/Lurk/.rbenv/shims:/Library/Frameworks/Python.framework/Versions/3.8/bin:/Users/Lurk/.cargo/bin:/Users/Lurk/.nvm/versions/node/v14.13.0/bin:/usr/local/sbin:/usr/local/opt/go/libexec/bin:/Users/Lurk/src/arcanist/bin:~/.node/bin

Yarn version: 
  1.22.10

Node version: 
  14.16.0

Platform: 
  darwin x64

Trace: 
  Error: canceled
      at Interface.<anonymous> (/usr/local/Cellar/yarn/1.22.10/libexec/lib/cli.js:137009:13)
      at Interface.emit (events.js:315:20)
      at Interface._ttyWrite (readline.js:875:16)
      at ReadStream.onkeypress (readline.js:213:10)
      at ReadStream.emit (events.js:315:20)
      at emitKeys (internal/readline/utils.js:345:14)
      at emitKeys.next (<anonymous>)
      at ReadStream.onData (readline.js:1144:36)
      at ReadStream.emit (events.js:315:20)
      at addChunk (internal/streams/readable.js:309:12)

npm manifest: 
  {
    "name": "@votjs/client",
    "version": "0.2.0",
    "main": "./dist/index.js",
    "typings": "./dist/index.d.ts",
    "author": "Sergey Bargamon <sergey@bargamon.ru>",
    "license": "MIT",
    "scripts": {
      "tsc": "tsc",
      "build": "tsc --build",
      "prepack": "yarn build"
    },
    "devDependencies": {
      "@types/ws": "^7.4.1",
      "typescript": "^4.2.3"
    },
    "dependencies": {
      "ws": "^7.4.4"
    }
  }

yarn manifest: 
  No manifest

Lockfile: 
  # THIS IS AN AUTOGENERATED FILE. DO NOT EDIT THIS FILE DIRECTLY.
  # yarn lockfile v1
  
  
  "@types/node@*":
    version "14.14.37"
    resolved "https://registry.yarnpkg.com/@types/node/-/node-14.14.37.tgz#a3dd8da4eb84a996c36e331df98d82abd76b516e"
    integrity sha512-XYmBiy+ohOR4Lh5jE379fV2IU+6Jn4g5qASinhitfyO71b/sCo6MKsMLF5tc7Zf2CE8hViVQyYSobJNke8OvUw==
  
  "@types/ws@^7.4.1":
    version "7.4.1"
    resolved "https://registry.yarnpkg.com/@types/ws/-/ws-7.4.1.tgz#49eacb15a0534663d53a36fbf5b4d98f5ae9a73a"
    integrity sha512-ISCK1iFnR+jYv7+jLNX0wDqesZ/5RAeY3wUx6QaphmocphU61h+b+PHjS18TF4WIPTu/MMzxIq2PHr32o2TS5Q==
    dependencies:
      "@types/node" "*"
  
  typescript@^4.2.3:
    version "4.2.3"
    resolved "https://registry.yarnpkg.com/typescript/-/typescript-4.2.3.tgz#39062d8019912d43726298f09493d598048c1ce3"
    integrity sha512-qOcYwxaByStAWrBf4x0fibwZvMRG+r4cQoTjbPtUlrWjBHbmCAww1i448U0GJ+3cNNEtebDteo/cHOR3xJ4wEw==
  
  ws@^7.4.4:
    version "7.4.4"
    resolved "https://registry.yarnpkg.com/ws/-/ws-7.4.4.tgz#383bc9742cb202292c9077ceab6f6047b17f2d59"
    integrity sha512-Qm8k8ojNQIMx7S+Zp8u/uHOx7Qazv3Yv4q68MiWWWOJhiwG5W3x7iqmRtJo8xxrciZUY4vRxUTJCKuRnF28ZZw==
